<?xml version="1.0" encoding="UTF-8"?>
<!-- Generated by org.testng.reporters.JUnitReportReporter -->
<testsuite skipped="0" hostname="LAPTOP-758F0TJ9" name="job.application.PersonalInfoTests" tests="2" failures="0" timestamp="18 Dec 2018 03:25:19 GMT" time="6.977" errors="0">
  <testcase name="fullNameEmptyTest" time="0.687" classname="job.application.PersonalInfoTests"/>
  <testcase name="submitFullApplication" time="6.290" classname="job.application.PersonalInfoTests"/>
</testsuite> <!-- job.application.PersonalInfoTests -->
