<?xml version="1.0" encoding="UTF-8"?>
<!-- Generated by org.testng.reporters.JUnitReportReporter -->
<testsuite skipped="0" hostname="LAPTOP-758F0TJ9" name="job.application.PersonalInfoTests" tests="1" failures="0" timestamp="18 Dec 2018 00:35:22 GMT" time="4.765" errors="0">
  <testcase name="submitFullApplication" time="4.765" classname="job.application.PersonalInfoTests"/>
</testsuite> <!-- job.application.PersonalInfoTests -->
