<?xml version="1.0" encoding="UTF-8"?>
<!-- Generated by org.testng.reporters.JUnitReportReporter -->
<testsuite skipped="0" hostname="LAPTOP-758F0TJ9" name="com.webelement.WebElements" tests="1" failures="0" timestamp="18 Dec 2018 23:07:56 GMT" time="35.579" errors="0">
  <testcase name="slideShow" time="35.579" classname="com.webelement.WebElements"/>
</testsuite> <!-- com.webelement.WebElements -->
