<?xml version="1.0" encoding="UTF-8"?>
<!-- Generated by org.testng.reporters.JUnitReportReporter -->
<testsuite skipped="0" hostname="LAPTOP-758F0TJ9" name="com.erkantek.ATestThatCleanUp" tests="2" failures="0" timestamp="16 Dec 2018 14:33:36 GMT" time="23.939" errors="0">
  <testcase name="searchAmazon" time="16.069" classname="com.erkantek.ATestThatCleanUp"/>
  <testcase name="searchGoogle" time="7.870" classname="com.erkantek.ATestThatCleanUp"/>
</testsuite> <!-- com.erkantek.ATestThatCleanUp -->
