<?xml version="1.0" encoding="UTF-8"?>
<!-- Generated by org.testng.reporters.JUnitReportReporter -->
<testsuite skipped="0" hostname="LAPTOP-758F0TJ9" name="com.erkantek.TestNGDemo" tests="3" failures="0" timestamp="16 Dec 2018 00:22:42 GMT" time="0.011" errors="0">
  <testcase name="testTwo" time="0.002" classname="com.erkantek.TestNGDemo"/>
  <testcase name="thirdOne" time="0.004" classname="com.erkantek.TestNGDemo"/>
  <testcase name="tearDownMethod" time="0.005" classname="com.erkantek.TestNGDemo"/>
</testsuite> <!-- com.erkantek.TestNGDemo -->
