<?xml version="1.0" encoding="UTF-8"?>
<!-- Generated by org.testng.reporters.JUnitReportReporter -->
<testsuite skipped="0" hostname="LAPTOP-758F0TJ9" name="iFrame.Tabs.Windows.PopUpExamples" tests="1" failures="0" timestamp="20 Dec 2018 17:14:49 GMT" time="8.663" errors="0">
  <testcase name="htmlPopUp" time="8.663" classname="iFrame.Tabs.Windows.PopUpExamples"/>
</testsuite> <!-- iFrame.Tabs.Windows.PopUpExamples -->
