<?xml version="1.0" encoding="UTF-8"?>
<!-- Generated by org.testng.reporters.JUnitReportReporter -->
<testsuite skipped="0" hostname="LAPTOP-758F0TJ9" name="testCases.Cases" tests="1" failures="0" timestamp="16 Dec 2018 16:24:33 GMT" time="10.900" errors="0">
  <testcase name="amazonSearch" time="10.900" classname="testCases.Cases"/>
</testsuite> <!-- testCases.Cases -->
