<?xml version="1.0" encoding="UTF-8"?>
<!-- Generated by org.testng.reporters.JUnitReportReporter -->
<testsuite skipped="0" hostname="LAPTOP-758F0TJ9" name="actionPackage.ActionExamples" tests="1" failures="0" timestamp="19 Dec 2018 23:40:56 GMT" time="18.694" errors="0">
  <testcase name="draganddrop" time="18.694" classname="actionPackage.ActionExamples"/>
</testsuite> <!-- actionPackage.ActionExamples -->
