<?xml version="1.0" encoding="UTF-8"?>
<!-- Generated by org.testng.reporters.JUnitReportReporter -->
<testsuite skipped="0" hostname="LAPTOP-758F0TJ9" name="com.webelement.Sccc" tests="1" failures="0" timestamp="30 Dec 2018 03:21:35 GMT" time="1.558" errors="0">
  <testcase name="aasf" time="1.558" classname="com.webelement.Sccc"/>
</testsuite> <!-- com.webelement.Sccc -->
