<?xml version="1.0" encoding="UTF-8"?>
<!-- Generated by org.testng.reporters.JUnitReportReporter -->
<testsuite skipped="0" hostname="LAPTOP-758F0TJ9" name="actionPackage.FileUploadTest" tests="1" failures="0" timestamp="19 Dec 2018 21:36:31 GMT" time="2.274" errors="0">
  <testcase name="testingfileUpload" time="2.274" classname="actionPackage.FileUploadTest"/>
</testsuite> <!-- actionPackage.FileUploadTest -->
