<?xml version="1.0" encoding="UTF-8"?>
<!-- Generated by org.testng.reporters.JUnitReportReporter -->
<testsuite skipped="0" hostname="LAPTOP-758F0TJ9" name="webTable.WebTables" tests="1" failures="0" timestamp="19 Dec 2018 16:59:00 GMT" time="5.223" errors="0">
  <testcase name="readScores" time="5.223" classname="webTable.WebTables"/>
</testsuite> <!-- webTable.WebTables -->
