<?xml version="1.0" encoding="UTF-8"?>
<!-- Generated by org.testng.reporters.JUnitReportReporter -->
<testsuite skipped="0" hostname="LAPTOP-758F0TJ9" name="com.webelement.Amazon" tests="1" failures="0" timestamp="19 Dec 2018 02:08:17 GMT" time="6.220" errors="0">
  <testcase name="amazonPrice" time="6.220" classname="com.webelement.Amazon"/>
</testsuite> <!-- com.webelement.Amazon -->
